0 info it worked if it ends with ok
1 verbose cli [ 'D:\\Program Files\\nodejs\\node.exe',
1 verbose cli   'D:\\Program Files\\nodejs\\node_modules\\npm\\bin\\npm-cli.js',
1 verbose cli   'run',
1 verbose cli   'build_todo' ]
2 info using npm@3.10.10
3 info using node@v6.10.2
4 verbose run-script [ 'prebuild_todo', 'build_todo', 'postbuild_todo' ]
5 info lifecycle testr@1.0.0~prebuild_todo: testr@1.0.0
6 silly lifecycle testr@1.0.0~prebuild_todo: no script for prebuild_todo, continuing
7 info lifecycle testr@1.0.0~build_todo: testr@1.0.0
8 verbose lifecycle testr@1.0.0~build_todo: unsafe-perm in lifecycle true
9 verbose lifecycle testr@1.0.0~build_todo: PATH: D:\Program Files\nodejs\node_modules\npm\bin\node-gyp-bin;C:\Users\10358_000\Desktop\testr\node_modules\.bin;C:\Program Files (x86)\Lenovo\FusionEngine;C:\windows\system32;C:\windows;C:\windows\System32\Wbem;C:\windows\System32\WindowsPowerShell\v1.0\;C:\Program Files (x86)\ATI Technologies\ATI.ACE\Core-Static;C:\Program Files (x86)\Common Files\lenovo\easyplussdk\bin;C:\Program Files (x86)\Lenovo\Lenovo Home\;C:\Program Files\MySQL\MySQL Server 5.5\bin;%JA VA_HOME%\bin;C:\glassfish4\jdk7\bin;C:\Users\10358_000\DevTools\apache-tomcat-7.0.75\bin;C:\Program Files (x86)\Git\cmd;D:\Program Files\nodejs\;C:\Users\10358_000\AppData\Roaming\npm
10 verbose lifecycle testr@1.0.0~build_todo: CWD: C:\Users\10358_000\Desktop\testr
11 silly lifecycle testr@1.0.0~build_todo: Args: [ '/d /s /c',
11 silly lifecycle   'webpack-dev-server --port 4000 --hot --inline --config webpack.todo.config.js --content-base todo_build/' ]
12 verbose stack Error: kill ENOSYS
12 verbose stack     at exports._errnoException (util.js:1018:11)
12 verbose stack     at process.kill (internal/process.js:190:13)
12 verbose stack     at process.listener (D:\Program Files\nodejs\node_modules\npm\node_modules\npmlog\node_modules\gauge\node_modules\signal-exit\index.js:86:15)
12 verbose stack     at emitNone (events.js:91:20)
12 verbose stack     at process.emit (events.js:185:7)
12 verbose stack     at processEmit (D:\Program Files\nodejs\node_modules\npm\node_modules\npmlog\node_modules\gauge\node_modules\signal-exit\index.js:146:32)
12 verbose stack     at processEmit (D:\Program Files\nodejs\node_modules\npm\node_modules\npm-registry-client\node_modules\npmlog\node_modules\gauge\node_modules\signal-exit\index.js:146:32)
12 verbose stack     at Signal.wrap.onsignal (internal/process.js:217:44)
13 verbose cwd C:\Users\10358_000\Desktop\testr
14 error Windows_NT 6.3.9600
15 error argv "D:\\Program Files\\nodejs\\node.exe" "D:\\Program Files\\nodejs\\node_modules\\npm\\bin\\npm-cli.js" "run" "build_todo"
16 error node v6.10.2
17 error npm  v3.10.10
18 error code ENOSYS
19 error errno ENOSYS
20 error syscall kill
21 error kill ENOSYS
22 error If you need help, you may report this error at:
22 error     <https://github.com/npm/npm/issues>
23 verbose exit [ 1, true ]
